C:\USERS\MARISSA\DOCUMENTS\GITHUB\CLOUDSGPUPRO6\BIN\DEBUG\WIN32\CLOUDYSKY_2012_D32.PCH
C:\USERS\MARISSA\DOCUMENTS\GITHUB\CLOUDSGPUPRO6\BIN\DEBUG\WIN32\STDAFX.OBJ
C:\USERS\MARISSA\DOCUMENTS\GITHUB\CLOUDSGPUPRO6\BIN\DEBUG\WIN32\VC110.PDB
C:\USERS\MARISSA\DOCUMENTS\GITHUB\CLOUDSGPUPRO6\BIN\DEBUG\WIN32\CLOUDSCONTROLLER.OBJ
C:\USERS\MARISSA\DOCUMENTS\GITHUB\CLOUDSGPUPRO6\BIN\DEBUG\WIN32\CLOUDYSKY.OBJ
C:\USERS\MARISSA\DOCUMENTS\GITHUB\CLOUDSGPUPRO6\BIN\DEBUG\WIN32\IGFXEXTENSIONSHELPER.OBJ
C:\USERS\MARISSA\DOCUMENTS\GITHUB\CLOUDSGPUPRO6\BIN\DEBUG\WIN32\LIGHTSCTRPOSTPROCESS.OBJ
C:\USERS\MARISSA\DOCUMENTS\GITHUB\CLOUDSGPUPRO6\BIN\DEBUG\WIN32\RENDERTECHNIQUE.OBJ
C:\USERS\MARISSA\DOCUMENTS\GITHUB\CLOUDSGPUPRO6\BIN\DEBUG\WIN32\CONFIGFILE.OBJ
C:\USERS\MARISSA\DOCUMENTS\GITHUB\CLOUDSGPUPRO6\BIN\DEBUG\WIN32\EARTHHEMISPHERE.OBJ
C:\USERS\MARISSA\DOCUMENTS\GITHUB\CLOUDSGPUPRO6\BIN\DEBUG\WIN32\ELEVATIONDATASOURCE.OBJ
C:\Users\Marissa\Documents\GitHub\CloudsGPUPro6\bin\Debug\Win32\Sort.cso
C:\Users\Marissa\Documents\GitHub\CloudsGPUPro6\bin\Debug\Win32\LightScattering.cso
C:\Users\Marissa\Documents\GitHub\CloudsGPUPro6\bin\Debug\Win32\Preprocessing.cso
C:\Users\Marissa\Documents\GitHub\CloudsGPUPro6\bin\Debug\Win32\RefineSampleLocations.cso
C:\Users\Marissa\Documents\GitHub\CloudsGPUPro6\bin\Debug\Win32\Clouds.cso
C:\USERS\MARISSA\DOCUMENTS\GITHUB\CLOUDSGPUPRO6\BIN\DEBUG\WIN32\SORT.CSO
C:\USERS\MARISSA\DOCUMENTS\GITHUB\CLOUDSGPUPRO6\BIN\DEBUG\WIN32\LIGHTSCATTERING.CSO
C:\USERS\MARISSA\DOCUMENTS\GITHUB\CLOUDSGPUPRO6\BIN\DEBUG\WIN32\PREPROCESSING.CSO
C:\USERS\MARISSA\DOCUMENTS\GITHUB\CLOUDSGPUPRO6\BIN\DEBUG\WIN32\REFINESAMPLELOCATIONS.CSO
C:\USERS\MARISSA\DOCUMENTS\GITHUB\CLOUDSGPUPRO6\BIN\DEBUG\WIN32\CLOUDS.CSO
C:\USERS\MARISSA\DOCUMENTS\GITHUB\CLOUDSGPUPRO6\BIN\DEBUG\WIN32\CLOUDYSKY_2012_D32.ILK
C:\USERS\MARISSA\DOCUMENTS\GITHUB\CLOUDSGPUPRO6\BIN\DEBUG\WIN32\CLOUDYSKY_2012_D32.EXE
C:\USERS\MARISSA\DOCUMENTS\GITHUB\CLOUDSGPUPRO6\BIN\DEBUG\WIN32\CLOUDYSKY_2012_D32.PDB
C:\USERS\MARISSA\DOCUMENTS\GITHUB\CLOUDSGPUPRO6\BIN\DEBUG\WIN32\CLOUDYSKY_2010.RES
C:\Users\Marissa\Documents\GitHub\CloudsGPUPro6\bin\Debug\Win32\CloudySky_2012.vcxprojResolveAssemblyReference.cache
C:\Users\Marissa\Documents\GitHub\CloudsGPUPro6\bin\Debug\Win32\CloudsController.obj
C:\Users\Marissa\Documents\GitHub\CloudsGPUPro6\bin\Debug\Win32\CloudySky.obj
C:\Users\Marissa\Documents\GitHub\CloudsGPUPro6\bin\Debug\Win32\ConfigFile.obj
C:\Users\Marissa\Documents\GitHub\CloudsGPUPro6\bin\Debug\Win32\EarthHemisphere.obj
C:\Users\Marissa\Documents\GitHub\CloudsGPUPro6\bin\Debug\Win32\ElevationDataSource.obj
C:\Users\Marissa\Documents\GitHub\CloudsGPUPro6\bin\Debug\Win32\IGFXExtensionsHelper.obj
C:\Users\Marissa\Documents\GitHub\CloudsGPUPro6\bin\Debug\Win32\LightSctrPostProcess.obj
C:\Users\Marissa\Documents\GitHub\CloudsGPUPro6\bin\Debug\Win32\RenderTechnique.obj
C:\Users\Marissa\Documents\GitHub\CloudsGPUPro6\bin\Debug\Win32\stdafx.obj
C:\Users\Marissa\Documents\GitHub\CloudsGPUPro6\bin\Debug\Win32\CloudySky_2012_D32.ilk
C:\Users\Marissa\Documents\GitHub\CloudsGPUPro6\bin\Debug\Win32\cl.command.1.tlog
C:\Users\Marissa\Documents\GitHub\CloudsGPUPro6\bin\Debug\Win32\CL.read.1.tlog
C:\Users\Marissa\Documents\GitHub\CloudsGPUPro6\bin\Debug\Win32\CL.write.1.tlog
C:\Users\Marissa\Documents\GitHub\CloudsGPUPro6\bin\Debug\Win32\CloudySky_2012.write.1.tlog
C:\Users\Marissa\Documents\GitHub\CloudsGPUPro6\bin\Debug\Win32\FXC.command.1.tlog
C:\Users\Marissa\Documents\GitHub\CloudsGPUPro6\bin\Debug\Win32\fxc.read.1.tlog
C:\Users\Marissa\Documents\GitHub\CloudsGPUPro6\bin\Debug\Win32\fxc.write.1.tlog
C:\Users\Marissa\Documents\GitHub\CloudsGPUPro6\bin\Debug\Win32\link-cvtres.read.1.tlog
C:\Users\Marissa\Documents\GitHub\CloudsGPUPro6\bin\Debug\Win32\link-cvtres.write.1.tlog
C:\Users\Marissa\Documents\GitHub\CloudsGPUPro6\bin\Debug\Win32\link-rc.read.1.tlog
C:\Users\Marissa\Documents\GitHub\CloudsGPUPro6\bin\Debug\Win32\link-rc.write.1.tlog
C:\Users\Marissa\Documents\GitHub\CloudsGPUPro6\bin\Debug\Win32\link.command.1.tlog
C:\Users\Marissa\Documents\GitHub\CloudsGPUPro6\bin\Debug\Win32\link.read.1.tlog
C:\Users\Marissa\Documents\GitHub\CloudsGPUPro6\bin\Debug\Win32\link.write.1.tlog
C:\Users\Marissa\Documents\GitHub\CloudsGPUPro6\bin\Debug\Win32\rc.command.1.tlog
C:\Users\Marissa\Documents\GitHub\CloudsGPUPro6\bin\Debug\Win32\rc.read.1.tlog
C:\Users\Marissa\Documents\GitHub\CloudsGPUPro6\bin\Debug\Win32\rc.write.1.tlog
C:\Users\Marissa\Documents\GitHub\CloudsGPUPro6\bin\Debug\Win32\CloudySky_2010.res
C:\Users\Marissa\Documents\GitHub\CloudsGPUPro6\bin\Debug\Win32\CloudySky_2012_D32.pch
C:\Users\Marissa\Documents\GitHub\CloudsGPUPro6\bin\Debug\Win32\vc110.idb
C:\Users\Marissa\Documents\GitHub\CloudsGPUPro6\bin\Debug\Win32\CloudySky_2012_D32.pdb
C:\Users\Marissa\Documents\GitHub\CloudsGPUPro6\bin\Debug\Win32\vc110.pdb
C:\Users\Marissa\Documents\GitHub\CloudsGPUPro6\bin\Debug\Win32\CloudySky_2012_D32.exe
