C:\USERS\MARISSA\DOCUMENTS\GITHUB\CLOUDSGPUPRO6\CPUT\BIN\DEBUG\WIN32\VC110.PDB
C:\USERS\MARISSA\DOCUMENTS\GITHUB\CLOUDSGPUPRO6\BIN\LIB\CPUT-DX11_32D.LIB
C:\Users\Marissa\Documents\GitHub\CloudsGPUPro6\CPUT\bin\Debug\Win32\CPUTAssetLibrary.obj
C:\Users\Marissa\Documents\GitHub\CloudsGPUPro6\CPUT\bin\Debug\Win32\CPUTAssetLibraryDX11.obj
C:\Users\Marissa\Documents\GitHub\CloudsGPUPro6\CPUT\bin\Debug\Win32\CPUTAssetSet.obj
C:\Users\Marissa\Documents\GitHub\CloudsGPUPro6\CPUT\bin\Debug\Win32\CPUTAssetSetDX11.obj
C:\Users\Marissa\Documents\GitHub\CloudsGPUPro6\CPUT\bin\Debug\Win32\CPUTBuffer.obj
C:\Users\Marissa\Documents\GitHub\CloudsGPUPro6\CPUT\bin\Debug\Win32\CPUTBufferDX11.obj
C:\Users\Marissa\Documents\GitHub\CloudsGPUPro6\CPUT\bin\Debug\Win32\CPUTButton.obj
C:\Users\Marissa\Documents\GitHub\CloudsGPUPro6\CPUT\bin\Debug\Win32\CPUTCamera.obj
C:\Users\Marissa\Documents\GitHub\CloudsGPUPro6\CPUT\bin\Debug\Win32\CPUTCheckbox.obj
C:\Users\Marissa\Documents\GitHub\CloudsGPUPro6\CPUT\bin\Debug\Win32\CPUTComputeShaderDX11.obj
C:\Users\Marissa\Documents\GitHub\CloudsGPUPro6\CPUT\bin\Debug\Win32\CPUTConfigBlock.obj
C:\Users\Marissa\Documents\GitHub\CloudsGPUPro6\CPUT\bin\Debug\Win32\CPUTControl.obj
C:\Users\Marissa\Documents\GitHub\CloudsGPUPro6\CPUT\bin\Debug\Win32\CPUTDomainShaderDX11.obj
C:\Users\Marissa\Documents\GitHub\CloudsGPUPro6\CPUT\bin\Debug\Win32\CPUTDropdown.obj
C:\Users\Marissa\Documents\GitHub\CloudsGPUPro6\CPUT\bin\Debug\Win32\CPUTFont.obj
C:\Users\Marissa\Documents\GitHub\CloudsGPUPro6\CPUT\bin\Debug\Win32\CPUTFontDX11.obj
C:\Users\Marissa\Documents\GitHub\CloudsGPUPro6\CPUT\bin\Debug\Win32\CPUTFrustum.obj
C:\Users\Marissa\Documents\GitHub\CloudsGPUPro6\CPUT\bin\Debug\Win32\CPUTGeometryShaderDX11.obj
C:\Users\Marissa\Documents\GitHub\CloudsGPUPro6\CPUT\bin\Debug\Win32\CPUTGuiController.obj
C:\Users\Marissa\Documents\GitHub\CloudsGPUPro6\CPUT\bin\Debug\Win32\CPUTGuiControllerDX11.obj
C:\Users\Marissa\Documents\GitHub\CloudsGPUPro6\CPUT\bin\Debug\Win32\CPUTHullShaderDX11.obj
C:\Users\Marissa\Documents\GitHub\CloudsGPUPro6\CPUT\bin\Debug\Win32\CPUTInputLayoutCacheDX11.obj
C:\Users\Marissa\Documents\GitHub\CloudsGPUPro6\CPUT\bin\Debug\Win32\CPUTITTTaskMarker.obj
C:\Users\Marissa\Documents\GitHub\CloudsGPUPro6\CPUT\bin\Debug\Win32\CPUTLight.obj
C:\Users\Marissa\Documents\GitHub\CloudsGPUPro6\CPUT\bin\Debug\Win32\CPUTMaterial.obj
C:\Users\Marissa\Documents\GitHub\CloudsGPUPro6\CPUT\bin\Debug\Win32\CPUTMaterialDX11.obj
C:\Users\Marissa\Documents\GitHub\CloudsGPUPro6\CPUT\bin\Debug\Win32\CPUTMesh.obj
C:\Users\Marissa\Documents\GitHub\CloudsGPUPro6\CPUT\bin\Debug\Win32\CPUTMeshDX11.obj
C:\Users\Marissa\Documents\GitHub\CloudsGPUPro6\CPUT\bin\Debug\Win32\CPUTModel.obj
C:\Users\Marissa\Documents\GitHub\CloudsGPUPro6\CPUT\bin\Debug\Win32\CPUTModelDX11.obj
C:\Users\Marissa\Documents\GitHub\CloudsGPUPro6\CPUT\bin\Debug\Win32\CPUTNullNode.obj
C:\Users\Marissa\Documents\GitHub\CloudsGPUPro6\CPUT\bin\Debug\Win32\CPUTOSServicesWin.obj
C:\Users\Marissa\Documents\GitHub\CloudsGPUPro6\CPUT\bin\Debug\Win32\CPUTPerfTaskMarker.obj
C:\Users\Marissa\Documents\GitHub\CloudsGPUPro6\CPUT\bin\Debug\Win32\CPUTPixelShaderDX11.obj
C:\Users\Marissa\Documents\GitHub\CloudsGPUPro6\CPUT\bin\Debug\Win32\CPUTPostProcess.obj
C:\Users\Marissa\Documents\GitHub\CloudsGPUPro6\CPUT\bin\Debug\Win32\CPUTRenderNode.obj
C:\Users\Marissa\Documents\GitHub\CloudsGPUPro6\CPUT\bin\Debug\Win32\CPUTRenderStateBlock.obj
C:\Users\Marissa\Documents\GitHub\CloudsGPUPro6\CPUT\bin\Debug\Win32\CPUTRenderStateBlockDX11.obj
C:\Users\Marissa\Documents\GitHub\CloudsGPUPro6\CPUT\bin\Debug\Win32\CPUTRenderTarget.obj
C:\Users\Marissa\Documents\GitHub\CloudsGPUPro6\CPUT\bin\Debug\Win32\CPUTShaderDX11.obj
C:\Users\Marissa\Documents\GitHub\CloudsGPUPro6\CPUT\bin\Debug\Win32\CPUTSlider.obj
C:\Users\Marissa\Documents\GitHub\CloudsGPUPro6\CPUT\bin\Debug\Win32\CPUTSprite.obj
C:\Users\Marissa\Documents\GitHub\CloudsGPUPro6\CPUT\bin\Debug\Win32\CPUTText.obj
C:\Users\Marissa\Documents\GitHub\CloudsGPUPro6\CPUT\bin\Debug\Win32\CPUTTexture.obj
C:\Users\Marissa\Documents\GitHub\CloudsGPUPro6\CPUT\bin\Debug\Win32\CPUTTextureDX11.obj
C:\Users\Marissa\Documents\GitHub\CloudsGPUPro6\CPUT\bin\Debug\Win32\CPUTTimerWin.obj
C:\Users\Marissa\Documents\GitHub\CloudsGPUPro6\CPUT\bin\Debug\Win32\CPUTVertexShaderDX11.obj
C:\Users\Marissa\Documents\GitHub\CloudsGPUPro6\CPUT\bin\Debug\Win32\CPUTWindowWin.obj
C:\Users\Marissa\Documents\GitHub\CloudsGPUPro6\CPUT\bin\Debug\Win32\CPUT_DX11.obj
C:\Users\Marissa\Documents\GitHub\CloudsGPUPro6\CPUT\bin\Debug\Win32\CL.11692.read.1.tlog
C:\Users\Marissa\Documents\GitHub\CloudsGPUPro6\CPUT\bin\Debug\Win32\CL.11692.write.1.tlog
C:\Users\Marissa\Documents\GitHub\CloudsGPUPro6\CPUT\bin\Debug\Win32\CL.12516.read.1.tlog
C:\Users\Marissa\Documents\GitHub\CloudsGPUPro6\CPUT\bin\Debug\Win32\CL.12516.write.1.tlog
C:\Users\Marissa\Documents\GitHub\CloudsGPUPro6\CPUT\bin\Debug\Win32\CL.2800.read.1.tlog
C:\Users\Marissa\Documents\GitHub\CloudsGPUPro6\CPUT\bin\Debug\Win32\CL.2800.write.1.tlog
C:\Users\Marissa\Documents\GitHub\CloudsGPUPro6\CPUT\bin\Debug\Win32\CL.4676.read.1.tlog
C:\Users\Marissa\Documents\GitHub\CloudsGPUPro6\CPUT\bin\Debug\Win32\CL.4676.write.1.tlog
C:\Users\Marissa\Documents\GitHub\CloudsGPUPro6\CPUT\bin\Debug\Win32\CL.4992.read.1.tlog
C:\Users\Marissa\Documents\GitHub\CloudsGPUPro6\CPUT\bin\Debug\Win32\CL.4992.write.1.tlog
C:\Users\Marissa\Documents\GitHub\CloudsGPUPro6\CPUT\bin\Debug\Win32\CL.5448.read.1.tlog
C:\Users\Marissa\Documents\GitHub\CloudsGPUPro6\CPUT\bin\Debug\Win32\CL.5448.write.1.tlog
C:\Users\Marissa\Documents\GitHub\CloudsGPUPro6\CPUT\bin\Debug\Win32\CL.7748.read.1.tlog
C:\Users\Marissa\Documents\GitHub\CloudsGPUPro6\CPUT\bin\Debug\Win32\CL.7748.write.1.tlog
C:\Users\Marissa\Documents\GitHub\CloudsGPUPro6\CPUT\bin\Debug\Win32\CL.9064.read.1.tlog
C:\Users\Marissa\Documents\GitHub\CloudsGPUPro6\CPUT\bin\Debug\Win32\CL.9064.write.1.tlog
C:\Users\Marissa\Documents\GitHub\CloudsGPUPro6\CPUT\bin\Debug\Win32\cl.command.1.tlog
C:\Users\Marissa\Documents\GitHub\CloudsGPUPro6\CPUT\bin\Debug\Win32\CL.read.1.tlog
C:\Users\Marissa\Documents\GitHub\CloudsGPUPro6\CPUT\bin\Debug\Win32\cl.write.1.tlog
C:\Users\Marissa\Documents\GitHub\CloudsGPUPro6\CPUT\bin\Debug\Win32\Lib-link.read.1.tlog
C:\Users\Marissa\Documents\GitHub\CloudsGPUPro6\CPUT\bin\Debug\Win32\Lib-link.write.1.tlog
C:\Users\Marissa\Documents\GitHub\CloudsGPUPro6\CPUT\bin\Debug\Win32\lib.command.1.tlog
C:\Users\Marissa\Documents\GitHub\CloudsGPUPro6\CPUT\bin\Debug\Win32\vc110.idb
C:\Users\Marissa\Documents\GitHub\CloudsGPUPro6\CPUT\bin\Debug\Win32\vc110.pdb
C:\Users\Marissa\Documents\GitHub\CloudsGPUPro6\bin\lib\CPUT-DX11_32D.lib
